Connecting to database specified by database.yml
Connecting to database specified by database.yml
Connecting to database specified by database.yml
Connecting to database specified by database.yml
Connecting to database specified by database.yml
Connecting to database specified by database.yml
Connecting to database specified by database.yml
Connecting to database specified by database.yml
Connecting to database specified by database.yml
Connecting to database specified by database.yml
Connecting to database specified by database.yml
Connecting to database specified by database.yml
Started POST "/qlock/qburst/api/v1/sign_up" for 127.0.0.1 at 2013-04-19 16:24:18 +0530
Processing by RegistrationsController#create as HTML
  Parameters: {"email"=>"manisha@qburst.com", "password"=>"[FILTERED]", "registration"=>{"email"=>"manisha@qburst.com", "password"=>"[FILTERED]"}}
WARNING: Can't verify CSRF token authenticity
  Rendered devise/mailer/confirmation_instructions.html.erb (3.0ms)

Sent mail to manisha@qburst.com (6511ms)
Completed 200 OK in 6800ms (Views: 0.2ms | ActiveRecord: 54.2ms)
Connecting to database specified by database.yml
Started POST "/qlock/qburst/api/v1/sign_up" for 127.0.0.1 at 2013-04-19 16:27:22 +0530
Processing by RegistrationsController#create as HTML
  Parameters: {"email"=>"jithubosco@qburst.com", "password"=>"[FILTERED]", "registration"=>{"email"=>"jithubosco@qburst.com", "password"=>"[FILTERED]"}}
WARNING: Can't verify CSRF token authenticity
  Rendered devise/mailer/confirmation_instructions.html.erb (3.0ms)

Sent mail to jithubosco@qburst.com (30057ms)
Completed 200 OK in 30285ms (Views: 0.3ms | ActiveRecord: 31.6ms)
Started GET "/user1s/confirmation?confirmation_token=tX1LEGMzTymMHxaqQ4zr" for 10.3.0.214 at 2013-04-19 16:28:51 +0530
Processing by Devise::ConfirmationsController#show as HTML
  Parameters: {"confirmation_token"=>"tX1LEGMzTymMHxaqQ4zr"}
Redirected to http://10.3.0.163:3000/posts/display
Completed 302 Found in 142ms (ActiveRecord: 107.0ms)
Started GET "/posts/display" for 10.3.0.214 at 2013-04-19 16:28:51 +0530
Processing by PostsController#display as HTML
Completed 200 OK in 3ms (Views: 0.3ms | ActiveRecord: 0.4ms)
Started GET "/favicon.ico" for 10.3.0.214 at 2013-04-19 16:28:51 +0530

ActionController::RoutingError (No route matches [GET] "/favicon.ico"):
  actionpack (3.2.12) lib/action_dispatch/middleware/debug_exceptions.rb:21:in `call'
  actionpack (3.2.12) lib/action_dispatch/middleware/show_exceptions.rb:56:in `call'
  railties (3.2.12) lib/rails/rack/logger.rb:32:in `call_app'
  railties (3.2.12) lib/rails/rack/logger.rb:16:in `block in call'
  activesupport (3.2.12) lib/active_support/tagged_logging.rb:22:in `tagged'
  railties (3.2.12) lib/rails/rack/logger.rb:16:in `call'
  actionpack (3.2.12) lib/action_dispatch/middleware/request_id.rb:22:in `call'
  rack (1.4.5) lib/rack/methodoverride.rb:21:in `call'
  rack (1.4.5) lib/rack/runtime.rb:17:in `call'
  activesupport (3.2.12) lib/active_support/cache/strategy/local_cache.rb:72:in `call'
  rack (1.4.5) lib/rack/lock.rb:15:in `call'
  rack-cache (1.2) lib/rack/cache/context.rb:136:in `forward'
  rack-cache (1.2) lib/rack/cache/context.rb:245:in `fetch'
  rack-cache (1.2) lib/rack/cache/context.rb:185:in `lookup'
  rack-cache (1.2) lib/rack/cache/context.rb:66:in `call!'
  rack-cache (1.2) lib/rack/cache/context.rb:51:in `call'
  railties (3.2.12) lib/rails/engine.rb:479:in `call'
  railties (3.2.12) lib/rails/application.rb:223:in `call'
  rack (1.4.5) lib/rack/content_length.rb:14:in `call'
  railties (3.2.12) lib/rails/rack/log_tailer.rb:17:in `call'
  thin (1.5.1) lib/thin/connection.rb:81:in `block in pre_process'
  thin (1.5.1) lib/thin/connection.rb:79:in `catch'
  thin (1.5.1) lib/thin/connection.rb:79:in `pre_process'
  thin (1.5.1) lib/thin/connection.rb:54:in `process'
  thin (1.5.1) lib/thin/connection.rb:39:in `receive_data'
  eventmachine (1.0.3) lib/eventmachine.rb:187:in `run_machine'
  eventmachine (1.0.3) lib/eventmachine.rb:187:in `run'
  thin (1.5.1) lib/thin/backends/base.rb:63:in `start'
  thin (1.5.1) lib/thin/server.rb:159:in `start'
  rack (1.4.5) lib/rack/handler/thin.rb:13:in `run'
  rack (1.4.5) lib/rack/server.rb:268:in `start'
  railties (3.2.12) lib/rails/commands/server.rb:70:in `start'
  railties (3.2.12) lib/rails/commands.rb:55:in `block in <top (required)>'
  railties (3.2.12) lib/rails/commands.rb:50:in `tap'
  railties (3.2.12) lib/rails/commands.rb:50:in `<top (required)>'
  script/rails:6:in `require'
  script/rails:6:in `<main>'


Started GET "/favicon.ico" for 10.3.0.214 at 2013-04-19 16:28:51 +0530

ActionController::RoutingError (No route matches [GET] "/favicon.ico"):
  actionpack (3.2.12) lib/action_dispatch/middleware/debug_exceptions.rb:21:in `call'
  actionpack (3.2.12) lib/action_dispatch/middleware/show_exceptions.rb:56:in `call'
  railties (3.2.12) lib/rails/rack/logger.rb:32:in `call_app'
  railties (3.2.12) lib/rails/rack/logger.rb:16:in `block in call'
  activesupport (3.2.12) lib/active_support/tagged_logging.rb:22:in `tagged'
  railties (3.2.12) lib/rails/rack/logger.rb:16:in `call'
  actionpack (3.2.12) lib/action_dispatch/middleware/request_id.rb:22:in `call'
  rack (1.4.5) lib/rack/methodoverride.rb:21:in `call'
  rack (1.4.5) lib/rack/runtime.rb:17:in `call'
  activesupport (3.2.12) lib/active_support/cache/strategy/local_cache.rb:72:in `call'
  rack (1.4.5) lib/rack/lock.rb:15:in `call'
  rack-cache (1.2) lib/rack/cache/context.rb:136:in `forward'
  rack-cache (1.2) lib/rack/cache/context.rb:245:in `fetch'
  rack-cache (1.2) lib/rack/cache/context.rb:185:in `lookup'
  rack-cache (1.2) lib/rack/cache/context.rb:66:in `call!'
  rack-cache (1.2) lib/rack/cache/context.rb:51:in `call'
  railties (3.2.12) lib/rails/engine.rb:479:in `call'
  railties (3.2.12) lib/rails/application.rb:223:in `call'
  rack (1.4.5) lib/rack/content_length.rb:14:in `call'
  railties (3.2.12) lib/rails/rack/log_tailer.rb:17:in `call'
  thin (1.5.1) lib/thin/connection.rb:81:in `block in pre_process'
  thin (1.5.1) lib/thin/connection.rb:79:in `catch'
  thin (1.5.1) lib/thin/connection.rb:79:in `pre_process'
  thin (1.5.1) lib/thin/connection.rb:54:in `process'
  thin (1.5.1) lib/thin/connection.rb:39:in `receive_data'
  eventmachine (1.0.3) lib/eventmachine.rb:187:in `run_machine'
  eventmachine (1.0.3) lib/eventmachine.rb:187:in `run'
  thin (1.5.1) lib/thin/backends/base.rb:63:in `start'
  thin (1.5.1) lib/thin/server.rb:159:in `start'
  rack (1.4.5) lib/rack/handler/thin.rb:13:in `run'
  rack (1.4.5) lib/rack/server.rb:268:in `start'
  railties (3.2.12) lib/rails/commands/server.rb:70:in `start'
  railties (3.2.12) lib/rails/commands.rb:55:in `block in <top (required)>'
  railties (3.2.12) lib/rails/commands.rb:50:in `tap'
  railties (3.2.12) lib/rails/commands.rb:50:in `<top (required)>'
  script/rails:6:in `require'
  script/rails:6:in `<main>'


Started POST "/qlock/qburst/api/v1/sign_up" for 127.0.0.1 at 2013-04-19 16:34:00 +0530
Processing by RegistrationsController#create as HTML
  Parameters: {"email"=>"jithubosco@qburst.com", "password"=>"[FILTERED]", "registration"=>{"email"=>"jithubosco@qburst.com", "password"=>"[FILTERED]"}}
WARNING: Can't verify CSRF token authenticity
  Rendered devise/mailer/confirmation_instructions.html.erb (0.4ms)

Sent mail to jithubosco@qburst.com (18302ms)
Completed 200 OK in 18345ms (Views: 0.3ms | ActiveRecord: 26.9ms)
Started POST "/qlock/qburst/api/v1/sign_up" for 127.0.0.1 at 2013-04-19 16:36:02 +0530
Processing by RegistrationsController#create as HTML
  Parameters: {"email"=>"jithubosco@gmail.com", "password"=>"[FILTERED]", "registration"=>{"email"=>"jithubosco@gmail.com", "password"=>"[FILTERED]"}}
WARNING: Can't verify CSRF token authenticity
  Rendered devise/mailer/confirmation_instructions.html.erb (0.4ms)

Sent mail to jithubosco@gmail.com (9110ms)
Completed 200 OK in 9169ms (Views: 0.2ms | ActiveRecord: 45.8ms)
Started GET "/user1s/confirmation?confirmation_token=vD5Zy8CQWMi8GGAf6qvy" for 10.3.0.163 at 2013-04-19 16:36:27 +0530
Processing by Devise::ConfirmationsController#show as HTML
  Parameters: {"confirmation_token"=>"vD5Zy8CQWMi8GGAf6qvy"}
Redirected to http://10.3.0.163:3000/posts/display
Completed 302 Found in 100ms (ActiveRecord: 93.5ms)
Started GET "/posts/display" for 10.3.0.163 at 2013-04-19 16:36:27 +0530
Processing by PostsController#display as HTML
Completed 200 OK in 2ms (Views: 0.2ms | ActiveRecord: 0.3ms)
Started GET "/favicon.ico" for 10.3.0.163 at 2013-04-19 16:36:27 +0530

ActionController::RoutingError (No route matches [GET] "/favicon.ico"):
  actionpack (3.2.12) lib/action_dispatch/middleware/debug_exceptions.rb:21:in `call'
  actionpack (3.2.12) lib/action_dispatch/middleware/show_exceptions.rb:56:in `call'
  railties (3.2.12) lib/rails/rack/logger.rb:32:in `call_app'
  railties (3.2.12) lib/rails/rack/logger.rb:16:in `block in call'
  activesupport (3.2.12) lib/active_support/tagged_logging.rb:22:in `tagged'
  railties (3.2.12) lib/rails/rack/logger.rb:16:in `call'
  actionpack (3.2.12) lib/action_dispatch/middleware/request_id.rb:22:in `call'
  rack (1.4.5) lib/rack/methodoverride.rb:21:in `call'
  rack (1.4.5) lib/rack/runtime.rb:17:in `call'
  activesupport (3.2.12) lib/active_support/cache/strategy/local_cache.rb:72:in `call'
  rack (1.4.5) lib/rack/lock.rb:15:in `call'
  rack-cache (1.2) lib/rack/cache/context.rb:136:in `forward'
  rack-cache (1.2) lib/rack/cache/context.rb:245:in `fetch'
  rack-cache (1.2) lib/rack/cache/context.rb:185:in `lookup'
  rack-cache (1.2) lib/rack/cache/context.rb:66:in `call!'
  rack-cache (1.2) lib/rack/cache/context.rb:51:in `call'
  railties (3.2.12) lib/rails/engine.rb:479:in `call'
  railties (3.2.12) lib/rails/application.rb:223:in `call'
  rack (1.4.5) lib/rack/content_length.rb:14:in `call'
  railties (3.2.12) lib/rails/rack/log_tailer.rb:17:in `call'
  thin (1.5.1) lib/thin/connection.rb:81:in `block in pre_process'
  thin (1.5.1) lib/thin/connection.rb:79:in `catch'
  thin (1.5.1) lib/thin/connection.rb:79:in `pre_process'
  thin (1.5.1) lib/thin/connection.rb:54:in `process'
  thin (1.5.1) lib/thin/connection.rb:39:in `receive_data'
  eventmachine (1.0.3) lib/eventmachine.rb:187:in `run_machine'
  eventmachine (1.0.3) lib/eventmachine.rb:187:in `run'
  thin (1.5.1) lib/thin/backends/base.rb:63:in `start'
  thin (1.5.1) lib/thin/server.rb:159:in `start'
  rack (1.4.5) lib/rack/handler/thin.rb:13:in `run'
  rack (1.4.5) lib/rack/server.rb:268:in `start'
  railties (3.2.12) lib/rails/commands/server.rb:70:in `start'
  railties (3.2.12) lib/rails/commands.rb:55:in `block in <top (required)>'
  railties (3.2.12) lib/rails/commands.rb:50:in `tap'
  railties (3.2.12) lib/rails/commands.rb:50:in `<top (required)>'
  script/rails:6:in `require'
  script/rails:6:in `<main>'


Started POST "/qlock/qburst/api/v1/sign_in" for 127.0.0.1 at 2013-04-19 16:36:44 +0530
Processing by SessionsController#create as HTML
  Parameters: {"email"=>"jithubosco@gmail.com", "password"=>"[FILTERED]", "session"=>{"email"=>"jithubosco@gmail.com", "password"=>"[FILTERED]"}}
WARNING: Can't verify CSRF token authenticity
Completed 200 OK in 33ms (Views: 0.5ms | ActiveRecord: 27.3ms)
Started POST "/qlock/qburst/api/v1/get_places" for 127.0.0.1 at 2013-04-19 16:37:36 +0530
Processing by StreetsController#index as HTML
  Parameters: {"authentication_token"=>"fAcMUyAgESyiNxSEqKXM", "search"=>"food", "street"=>{}}
WARNING: Can't verify CSRF token authenticity
Completed 200 OK in 7222ms (Views: 0.7ms | ActiveRecord: 515.0ms)
Connecting to database specified by database.yml
Started POST "/qlock/qburst/api/v1/sign_up" for 127.0.0.1 at 2013-04-19 17:21:16 +0530
Processing by RegistrationsController#create as HTML
  Parameters: {"email"=>"anild@qburst.com", "password"=>"[FILTERED]", "registration"=>{"email"=>"anild@qburst.com", "password"=>"[FILTERED]"}}
WARNING: Can't verify CSRF token authenticity
  Rendered devise/mailer/confirmation_instructions.html.erb (2.9ms)

Sent mail to anild@qburst.com (6519ms)
Completed 200 OK in 6781ms (Views: 0.2ms | ActiveRecord: 47.1ms)
Connecting to database specified by database.yml
Started GET "/" for 127.0.0.1 at 2013-04-22 08:46:51 +0530
Processing by UsersController#index as HTML
  Rendered users/index.html.erb within layouts/application (2.9ms)
Completed 500 Internal Server Error in 59ms

ActionView::Template::Error (application.css isn't precompiled):
    2: <html>
    3: <head>
    4:   <title>Demo</title>
    5:   <%= stylesheet_link_tag    "application", :media => "all" %>
    6:   <%= javascript_include_tag "application" %>
    7:   <%= csrf_meta_tags %>
    8: </head>
  app/views/layouts/application.html.erb:5:in `_app_views_layouts_application_html_erb___1267500338503608117_21677460'


Started GET "/favicon.ico" for 127.0.0.1 at 2013-04-22 08:46:51 +0530

ActionController::RoutingError (No route matches [GET] "/favicon.ico"):
  actionpack (3.2.12) lib/action_dispatch/middleware/debug_exceptions.rb:21:in `call'
  actionpack (3.2.12) lib/action_dispatch/middleware/show_exceptions.rb:56:in `call'
  railties (3.2.12) lib/rails/rack/logger.rb:32:in `call_app'
  railties (3.2.12) lib/rails/rack/logger.rb:16:in `block in call'
  activesupport (3.2.12) lib/active_support/tagged_logging.rb:22:in `tagged'
  railties (3.2.12) lib/rails/rack/logger.rb:16:in `call'
  actionpack (3.2.12) lib/action_dispatch/middleware/request_id.rb:22:in `call'
  rack (1.4.5) lib/rack/methodoverride.rb:21:in `call'
  rack (1.4.5) lib/rack/runtime.rb:17:in `call'
  activesupport (3.2.12) lib/active_support/cache/strategy/local_cache.rb:72:in `call'
  rack (1.4.5) lib/rack/lock.rb:15:in `call'
  rack-cache (1.2) lib/rack/cache/context.rb:136:in `forward'
  rack-cache (1.2) lib/rack/cache/context.rb:245:in `fetch'
  rack-cache (1.2) lib/rack/cache/context.rb:185:in `lookup'
  rack-cache (1.2) lib/rack/cache/context.rb:66:in `call!'
  rack-cache (1.2) lib/rack/cache/context.rb:51:in `call'
  railties (3.2.12) lib/rails/engine.rb:479:in `call'
  railties (3.2.12) lib/rails/application.rb:223:in `call'
  rack (1.4.5) lib/rack/content_length.rb:14:in `call'
  railties (3.2.12) lib/rails/rack/log_tailer.rb:17:in `call'
  thin (1.5.1) lib/thin/connection.rb:81:in `block in pre_process'
  thin (1.5.1) lib/thin/connection.rb:79:in `catch'
  thin (1.5.1) lib/thin/connection.rb:79:in `pre_process'
  thin (1.5.1) lib/thin/connection.rb:54:in `process'
  thin (1.5.1) lib/thin/connection.rb:39:in `receive_data'
  eventmachine (1.0.3) lib/eventmachine.rb:187:in `run_machine'
  eventmachine (1.0.3) lib/eventmachine.rb:187:in `run'
  thin (1.5.1) lib/thin/backends/base.rb:63:in `start'
  thin (1.5.1) lib/thin/server.rb:159:in `start'
  rack (1.4.5) lib/rack/handler/thin.rb:13:in `run'
  rack (1.4.5) lib/rack/server.rb:268:in `start'
  railties (3.2.12) lib/rails/commands/server.rb:70:in `start'
  railties (3.2.12) lib/rails/commands.rb:55:in `block in <top (required)>'
  railties (3.2.12) lib/rails/commands.rb:50:in `tap'
  railties (3.2.12) lib/rails/commands.rb:50:in `<top (required)>'
  script/rails:6:in `require'
  script/rails:6:in `<main>'


Connecting to database specified by database.yml
Started GET "/" for 127.0.0.1 at 2013-04-22 08:48:11 +0530
Processing by UsersController#index as HTML
  Rendered users/index.html.erb within layouts/application (3.2ms)
Compiled posts.css  (983ms)  (pid 3348)
Compiled registrations.css  (1ms)  (pid 3348)
Compiled sessions.css  (1ms)  (pid 3348)
Compiled streets.css  (1ms)  (pid 3348)
Compiled users.css  (1ms)  (pid 3348)
Compiled application.css  (1246ms)  (pid 3348)
Compiled jquery.js  (1ms)  (pid 3348)
Compiled jquery_ujs.js  (0ms)  (pid 3348)
Compiled posts.js  (636ms)  (pid 3348)
Compiled registrations.js  (104ms)  (pid 3348)
Compiled sessions.js  (128ms)  (pid 3348)
Compiled streets.js  (103ms)  (pid 3348)
Compiled users.js  (105ms)  (pid 3348)
Compiled application.js  (1636ms)  (pid 3348)
Completed 200 OK in 5046ms (Views: 5045.5ms | ActiveRecord: 0.0ms)
Started GET "/assets/application-e1e25f5530998b76317739a1762b3401.css" for 127.0.0.1 at 2013-04-22 08:48:16 +0530
Served asset /application-e1e25f5530998b76317739a1762b3401.css - 200 OK (0ms)
Started GET "/assets/application-cad9b01b2018577e4bb84b5bf3a4506b.js" for 127.0.0.1 at 2013-04-22 08:48:16 +0530
Served asset /application-cad9b01b2018577e4bb84b5bf3a4506b.js - 200 OK (0ms)
Started GET "/favicon.ico" for 127.0.0.1 at 2013-04-22 08:48:16 +0530

ActionController::RoutingError (No route matches [GET] "/favicon.ico"):
  actionpack (3.2.12) lib/action_dispatch/middleware/debug_exceptions.rb:21:in `call'
  actionpack (3.2.12) lib/action_dispatch/middleware/show_exceptions.rb:56:in `call'
  railties (3.2.12) lib/rails/rack/logger.rb:32:in `call_app'
  railties (3.2.12) lib/rails/rack/logger.rb:16:in `block in call'
  activesupport (3.2.12) lib/active_support/tagged_logging.rb:22:in `tagged'
  railties (3.2.12) lib/rails/rack/logger.rb:16:in `call'
  actionpack (3.2.12) lib/action_dispatch/middleware/request_id.rb:22:in `call'
  rack (1.4.5) lib/rack/methodoverride.rb:21:in `call'
  rack (1.4.5) lib/rack/runtime.rb:17:in `call'
  activesupport (3.2.12) lib/active_support/cache/strategy/local_cache.rb:72:in `call'
  rack (1.4.5) lib/rack/lock.rb:15:in `call'
  rack-cache (1.2) lib/rack/cache/context.rb:136:in `forward'
  rack-cache (1.2) lib/rack/cache/context.rb:245:in `fetch'
  rack-cache (1.2) lib/rack/cache/context.rb:185:in `lookup'
  rack-cache (1.2) lib/rack/cache/context.rb:66:in `call!'
  rack-cache (1.2) lib/rack/cache/context.rb:51:in `call'
  railties (3.2.12) lib/rails/engine.rb:479:in `call'
  railties (3.2.12) lib/rails/application.rb:223:in `call'
  rack (1.4.5) lib/rack/content_length.rb:14:in `call'
  railties (3.2.12) lib/rails/rack/log_tailer.rb:17:in `call'
  thin (1.5.1) lib/thin/connection.rb:81:in `block in pre_process'
  thin (1.5.1) lib/thin/connection.rb:79:in `catch'
  thin (1.5.1) lib/thin/connection.rb:79:in `pre_process'
  thin (1.5.1) lib/thin/connection.rb:54:in `process'
  thin (1.5.1) lib/thin/connection.rb:39:in `receive_data'
  eventmachine (1.0.3) lib/eventmachine.rb:187:in `run_machine'
  eventmachine (1.0.3) lib/eventmachine.rb:187:in `run'
  thin (1.5.1) lib/thin/backends/base.rb:63:in `start'
  thin (1.5.1) lib/thin/server.rb:159:in `start'
  rack (1.4.5) lib/rack/handler/thin.rb:13:in `run'
  rack (1.4.5) lib/rack/server.rb:268:in `start'
  railties (3.2.12) lib/rails/commands/server.rb:70:in `start'
  railties (3.2.12) lib/rails/commands.rb:55:in `block in <top (required)>'
  railties (3.2.12) lib/rails/commands.rb:50:in `tap'
  railties (3.2.12) lib/rails/commands.rb:50:in `<top (required)>'
  script/rails:6:in `require'
  script/rails:6:in `<main>'


Connecting to database specified by database.yml
Connecting to database specified by database.yml
Started GET "/" for 127.0.0.1 at 2013-04-22 08:51:35 +0530
Processing by UsersController#index as HTML
  Rendered users/index.html.erb within layouts/application (4.1ms)
Completed 200 OK in 56ms (Views: 55.2ms | ActiveRecord: 0.0ms)
Started GET "/favicon.ico" for 127.0.0.1 at 2013-04-22 08:51:36 +0530

ActionController::RoutingError (No route matches [GET] "/favicon.ico"):
  actionpack (3.2.12) lib/action_dispatch/middleware/debug_exceptions.rb:21:in `call'
  actionpack (3.2.12) lib/action_dispatch/middleware/show_exceptions.rb:56:in `call'
  railties (3.2.12) lib/rails/rack/logger.rb:32:in `call_app'
  railties (3.2.12) lib/rails/rack/logger.rb:16:in `block in call'
  activesupport (3.2.12) lib/active_support/tagged_logging.rb:22:in `tagged'
  railties (3.2.12) lib/rails/rack/logger.rb:16:in `call'
  actionpack (3.2.12) lib/action_dispatch/middleware/request_id.rb:22:in `call'
  rack (1.4.5) lib/rack/methodoverride.rb:21:in `call'
  rack (1.4.5) lib/rack/runtime.rb:17:in `call'
  activesupport (3.2.12) lib/active_support/cache/strategy/local_cache.rb:72:in `call'
  rack (1.4.5) lib/rack/lock.rb:15:in `call'
  rack-cache (1.2) lib/rack/cache/context.rb:136:in `forward'
  rack-cache (1.2) lib/rack/cache/context.rb:245:in `fetch'
  rack-cache (1.2) lib/rack/cache/context.rb:185:in `lookup'
  rack-cache (1.2) lib/rack/cache/context.rb:66:in `call!'
  rack-cache (1.2) lib/rack/cache/context.rb:51:in `call'
  railties (3.2.12) lib/rails/engine.rb:479:in `call'
  railties (3.2.12) lib/rails/application.rb:223:in `call'
  rack (1.4.5) lib/rack/content_length.rb:14:in `call'
  railties (3.2.12) lib/rails/rack/log_tailer.rb:17:in `call'
  thin (1.5.1) lib/thin/connection.rb:81:in `block in pre_process'
  thin (1.5.1) lib/thin/connection.rb:79:in `catch'
  thin (1.5.1) lib/thin/connection.rb:79:in `pre_process'
  thin (1.5.1) lib/thin/connection.rb:54:in `process'
  thin (1.5.1) lib/thin/connection.rb:39:in `receive_data'
  eventmachine (1.0.3) lib/eventmachine.rb:187:in `run_machine'
  eventmachine (1.0.3) lib/eventmachine.rb:187:in `run'
  thin (1.5.1) lib/thin/backends/base.rb:63:in `start'
  thin (1.5.1) lib/thin/server.rb:159:in `start'
  rack (1.4.5) lib/rack/handler/thin.rb:13:in `run'
  rack (1.4.5) lib/rack/server.rb:268:in `start'
  railties (3.2.12) lib/rails/commands/server.rb:70:in `start'
  railties (3.2.12) lib/rails/commands.rb:55:in `block in <top (required)>'
  railties (3.2.12) lib/rails/commands.rb:50:in `tap'
  railties (3.2.12) lib/rails/commands.rb:50:in `<top (required)>'
  script/rails:6:in `require'
  script/rails:6:in `<main>'


Started GET "/user1s/sign_up" for 127.0.0.1 at 2013-04-22 08:52:04 +0530
Processing by Devise::RegistrationsController#new as HTML
  Rendered devise/shared/_links.erb (1.7ms)
  Rendered devise/registrations/new.html.erb within layouts/application (170.1ms)
Completed 200 OK in 298ms (Views: 205.3ms | ActiveRecord: 51.2ms)
Started GET "/favicon.ico" for 127.0.0.1 at 2013-04-22 08:52:05 +0530

ActionController::RoutingError (No route matches [GET] "/favicon.ico"):
  actionpack (3.2.12) lib/action_dispatch/middleware/debug_exceptions.rb:21:in `call'
  actionpack (3.2.12) lib/action_dispatch/middleware/show_exceptions.rb:56:in `call'
  railties (3.2.12) lib/rails/rack/logger.rb:32:in `call_app'
  railties (3.2.12) lib/rails/rack/logger.rb:16:in `block in call'
  activesupport (3.2.12) lib/active_support/tagged_logging.rb:22:in `tagged'
  railties (3.2.12) lib/rails/rack/logger.rb:16:in `call'
  actionpack (3.2.12) lib/action_dispatch/middleware/request_id.rb:22:in `call'
  rack (1.4.5) lib/rack/methodoverride.rb:21:in `call'
  rack (1.4.5) lib/rack/runtime.rb:17:in `call'
  activesupport (3.2.12) lib/active_support/cache/strategy/local_cache.rb:72:in `call'
  rack (1.4.5) lib/rack/lock.rb:15:in `call'
  rack-cache (1.2) lib/rack/cache/context.rb:136:in `forward'
  rack-cache (1.2) lib/rack/cache/context.rb:245:in `fetch'
  rack-cache (1.2) lib/rack/cache/context.rb:185:in `lookup'
  rack-cache (1.2) lib/rack/cache/context.rb:66:in `call!'
  rack-cache (1.2) lib/rack/cache/context.rb:51:in `call'
  railties (3.2.12) lib/rails/engine.rb:479:in `call'
  railties (3.2.12) lib/rails/application.rb:223:in `call'
  rack (1.4.5) lib/rack/content_length.rb:14:in `call'
  railties (3.2.12) lib/rails/rack/log_tailer.rb:17:in `call'
  thin (1.5.1) lib/thin/connection.rb:81:in `block in pre_process'
  thin (1.5.1) lib/thin/connection.rb:79:in `catch'
  thin (1.5.1) lib/thin/connection.rb:79:in `pre_process'
  thin (1.5.1) lib/thin/connection.rb:54:in `process'
  thin (1.5.1) lib/thin/connection.rb:39:in `receive_data'
  eventmachine (1.0.3) lib/eventmachine.rb:187:in `run_machine'
  eventmachine (1.0.3) lib/eventmachine.rb:187:in `run'
  thin (1.5.1) lib/thin/backends/base.rb:63:in `start'
  thin (1.5.1) lib/thin/server.rb:159:in `start'
  rack (1.4.5) lib/rack/handler/thin.rb:13:in `run'
  rack (1.4.5) lib/rack/server.rb:268:in `start'
  railties (3.2.12) lib/rails/commands/server.rb:70:in `start'
  railties (3.2.12) lib/rails/commands.rb:55:in `block in <top (required)>'
  railties (3.2.12) lib/rails/commands.rb:50:in `tap'
  railties (3.2.12) lib/rails/commands.rb:50:in `<top (required)>'
  script/rails:6:in `require'
  script/rails:6:in `<main>'


Started GET "/user1s/sign_in" for 127.0.0.1 at 2013-04-22 08:52:10 +0530
Processing by Devise::SessionsController#new as HTML
  Rendered devise/shared/_links.erb (0.6ms)
  Rendered devise/sessions/new.html.erb within layouts/application (3.6ms)
Completed 200 OK in 56ms (Views: 55.1ms | ActiveRecord: 0.0ms)
Started GET "/favicon.ico" for 127.0.0.1 at 2013-04-22 08:52:10 +0530

ActionController::RoutingError (No route matches [GET] "/favicon.ico"):
  actionpack (3.2.12) lib/action_dispatch/middleware/debug_exceptions.rb:21:in `call'
  actionpack (3.2.12) lib/action_dispatch/middleware/show_exceptions.rb:56:in `call'
  railties (3.2.12) lib/rails/rack/logger.rb:32:in `call_app'
  railties (3.2.12) lib/rails/rack/logger.rb:16:in `block in call'
  activesupport (3.2.12) lib/active_support/tagged_logging.rb:22:in `tagged'
  railties (3.2.12) lib/rails/rack/logger.rb:16:in `call'
  actionpack (3.2.12) lib/action_dispatch/middleware/request_id.rb:22:in `call'
  rack (1.4.5) lib/rack/methodoverride.rb:21:in `call'
  rack (1.4.5) lib/rack/runtime.rb:17:in `call'
  activesupport (3.2.12) lib/active_support/cache/strategy/local_cache.rb:72:in `call'
  rack (1.4.5) lib/rack/lock.rb:15:in `call'
  rack-cache (1.2) lib/rack/cache/context.rb:136:in `forward'
  rack-cache (1.2) lib/rack/cache/context.rb:245:in `fetch'
  rack-cache (1.2) lib/rack/cache/context.rb:185:in `lookup'
  rack-cache (1.2) lib/rack/cache/context.rb:66:in `call!'
  rack-cache (1.2) lib/rack/cache/context.rb:51:in `call'
  railties (3.2.12) lib/rails/engine.rb:479:in `call'
  railties (3.2.12) lib/rails/application.rb:223:in `call'
  rack (1.4.5) lib/rack/content_length.rb:14:in `call'
  railties (3.2.12) lib/rails/rack/log_tailer.rb:17:in `call'
  thin (1.5.1) lib/thin/connection.rb:81:in `block in pre_process'
  thin (1.5.1) lib/thin/connection.rb:79:in `catch'
  thin (1.5.1) lib/thin/connection.rb:79:in `pre_process'
  thin (1.5.1) lib/thin/connection.rb:54:in `process'
  thin (1.5.1) lib/thin/connection.rb:39:in `receive_data'
  eventmachine (1.0.3) lib/eventmachine.rb:187:in `run_machine'
  eventmachine (1.0.3) lib/eventmachine.rb:187:in `run'
  thin (1.5.1) lib/thin/backends/base.rb:63:in `start'
  thin (1.5.1) lib/thin/server.rb:159:in `start'
  rack (1.4.5) lib/rack/handler/thin.rb:13:in `run'
  rack (1.4.5) lib/rack/server.rb:268:in `start'
  railties (3.2.12) lib/rails/commands/server.rb:70:in `start'
  railties (3.2.12) lib/rails/commands.rb:55:in `block in <top (required)>'
  railties (3.2.12) lib/rails/commands.rb:50:in `tap'
  railties (3.2.12) lib/rails/commands.rb:50:in `<top (required)>'
  script/rails:6:in `require'
  script/rails:6:in `<main>'


Started POST "/qlock/qburst/api/v1/get_places" for 127.0.0.1 at 2013-04-22 09:01:30 +0530
Processing by StreetsController#index as HTML
  Parameters: {"email"=>"tania@qburst.com", "password"=>"[FILTERED]", "street"=>{}}
WARNING: Can't verify CSRF token authenticity
Completed 200 OK in 1ms (Views: 0.2ms | ActiveRecord: 0.0ms)
Started POST "/qlock/qburst/api/v1/get_places" for 127.0.0.1 at 2013-04-22 10:27:34 +0530
Processing by StreetsController#index as HTML
  Parameters: {"email"=>"tania@qburst.com", "password"=>"[FILTERED]", "street"=>{}}
WARNING: Can't verify CSRF token authenticity
Completed 200 OK in 0ms (Views: 0.1ms | ActiveRecord: 0.0ms)
Started POST "/qlock/qburst/api/v1/get_places" for 127.0.0.1 at 2013-04-22 10:27:56 +0530
Processing by StreetsController#index as HTML
  Parameters: {"email"=>"tania@qburst.com", "password"=>"[FILTERED]", "street"=>{}}
WARNING: Can't verify CSRF token authenticity
Completed 200 OK in 1ms (Views: 0.2ms | ActiveRecord: 0.0ms)
Started POST "/qlock/qburst/api/v1/get_places" for 127.0.0.1 at 2013-04-22 10:28:00 +0530
Processing by StreetsController#index as HTML
  Parameters: {"email"=>"tania@qburst.com", "password"=>"[FILTERED]", "street"=>{}}
WARNING: Can't verify CSRF token authenticity
Completed 200 OK in 0ms (Views: 0.1ms | ActiveRecord: 0.0ms)
Connecting to database specified by database.yml
Started POST "/qlock/qburst/api/v1/get_places" for 127.0.0.1 at 2013-04-22 10:30:00 +0530
Processing by StreetsController#index as HTML
  Parameters: {"email"=>"tania@qburst.com", "password"=>"[FILTERED]", "street"=>{}}
WARNING: Can't verify CSRF token authenticity
Completed 200 OK in 1ms (Views: 0.2ms | ActiveRecord: 0.0ms)
Connecting to database specified by database.yml
Started POST "/qlock/qburst/api/v1/sign_up" for 127.0.0.1 at 2013-04-22 11:12:55 +0530
Processing by RegistrationsController#create as HTML
  Parameters: {"email"=>"tania@qburst.com", "password"=>"[FILTERED]", "registration"=>{"email"=>"tania@qburst.com", "password"=>"[FILTERED]"}}
WARNING: Can't verify CSRF token authenticity
  Rendered devise/mailer/confirmation_instructions.html.erb (2.9ms)

Sent mail to tania@qburst.com (6993ms)
Completed 200 OK in 7309ms (Views: 0.3ms | ActiveRecord: 50.9ms)
Started POST "/qlock/qburst/api/v1/sign_up" for 127.0.0.1 at 2013-04-22 11:19:08 +0530
Processing by RegistrationsController#create as HTML
  Parameters: {"email"=>"taniabosco.r@gmail.com", "password"=>"[FILTERED]", "registration"=>{"email"=>"taniabosco.r@gmail.com", "password"=>"[FILTERED]"}}
WARNING: Can't verify CSRF token authenticity
  Rendered devise/mailer/confirmation_instructions.html.erb (0.4ms)

Sent mail to taniabosco.r@gmail.com (7490ms)
Completed 200 OK in 7545ms (Views: 0.2ms | ActiveRecord: 42.4ms)
Connecting to database specified by database.yml
Started POST "/qlock/qburst/api/v1/sign_up" for 127.0.0.1 at 2013-04-22 11:19:56 +0530
Processing by RegistrationsController#create as HTML
  Parameters: {"email"=>"taniabosco.r@gmail.com", "password"=>"[FILTERED]", "registration"=>{"email"=>"taniabosco.r@gmail.com", "password"=>"[FILTERED]"}}
WARNING: Can't verify CSRF token authenticity
  Rendered devise/mailer/confirmation_instructions.html.erb (2.9ms)

Sent mail to taniabosco.r@gmail.com (6470ms)
Completed 200 OK in 6736ms (Views: 0.2ms | ActiveRecord: 42.7ms)
Started POST "/qlock/qburst/api/v1/sign_up" for 127.0.0.1 at 2013-04-22 11:24:45 +0530
Processing by RegistrationsController#create as HTML
  Parameters: {"email"=>"taniabosco.r@gmail.com", "password"=>"[FILTERED]", "registration"=>{"email"=>"taniabosco.r@gmail.com", "password"=>"[FILTERED]"}}
WARNING: Can't verify CSRF token authenticity
Completed 200 OK in 7ms (Views: 0.3ms | ActiveRecord: 0.6ms)
Started POST "/qlock/qburst/api/v1/sign_up" for 127.0.0.1 at 2013-04-22 11:29:28 +0530
Processing by RegistrationsController#create as HTML
  Parameters: {"email"=>"taniabosco.r@gmail.com", "password"=>"[FILTERED]", "registration"=>{"email"=>"taniabosco.r@gmail.com", "password"=>"[FILTERED]"}}
WARNING: Can't verify CSRF token authenticity
Completed 200 OK in 6ms (Views: 0.2ms | ActiveRecord: 0.6ms)
Started POST "/qlock/qburst/api/v1/sign_up" for 127.0.0.1 at 2013-04-22 11:29:46 +0530
Processing by RegistrationsController#create as HTML
  Parameters: {"email"=>"manisha@qburst.com", "password"=>"[FILTERED]", "registration"=>{"email"=>"manisha@qburst.com", "password"=>"[FILTERED]"}}
WARNING: Can't verify CSRF token authenticity
  Rendered devise/mailer/confirmation_instructions.html.erb (0.4ms)

Sent mail to manisha@qburst.com (6408ms)
Completed 200 OK in 6459ms (Views: 0.3ms | ActiveRecord: 36.9ms)
Started POST "/qlock/qburst/api/v1/sign_up" for 127.0.0.1 at 2013-04-22 11:32:49 +0530
Processing by RegistrationsController#create as HTML
  Parameters: {"email"=>"manisha@qburst.com", "password"=>"[FILTERED]", "registration"=>{"email"=>"manisha@qburst.com", "password"=>"[FILTERED]"}}
WARNING: Can't verify CSRF token authenticity
  Rendered devise/mailer/confirmation_instructions.html.erb (0.4ms)

Sent mail to manisha@qburst.com (6474ms)
Completed 200 OK in 6525ms (Views: 0.2ms | ActiveRecord: 37.3ms)
Connecting to database specified by database.yml
Started POST "/qlock/qburst/api/v1/sign_up" for 127.0.0.1 at 2013-04-22 11:33:40 +0530
Processing by RegistrationsController#create as HTML
  Parameters: {"email"=>"manisha@qburst.com", "password"=>"[FILTERED]", "registration"=>{"email"=>"manisha@qburst.com", "password"=>"[FILTERED]"}}
WARNING: Can't verify CSRF token authenticity
Completed 200 OK in 92ms (Views: 0.2ms | ActiveRecord: 1.7ms)
Started POST "/qlock/qburst/api/v1/sign_up" for 127.0.0.1 at 2013-04-22 11:33:47 +0530
Processing by RegistrationsController#create as HTML
  Parameters: {"email"=>"tania@qburst.com", "password"=>"[FILTERED]", "registration"=>{"email"=>"tania@qburst.com", "password"=>"[FILTERED]"}}
WARNING: Can't verify CSRF token authenticity
  Rendered devise/mailer/confirmation_instructions.html.erb (4.5ms)

Sent mail to tania@qburst.com (6854ms)
Completed 200 OK in 7074ms (Views: 0.2ms | ActiveRecord: 38.1ms)
Started GET "/user1s/confirmation?confirmation_token=6iDEEQDoyMgFA32rSyw6" for 10.3.0.163 at 2013-04-22 11:34:01 +0530
Processing by Devise::ConfirmationsController#show as HTML
  Parameters: {"confirmation_token"=>"6iDEEQDoyMgFA32rSyw6"}
Redirected to http://10.3.0.163:3000/posts/display
Completed 302 Found in 122ms (ActiveRecord: 98.6ms)
Started GET "/posts/display" for 10.3.0.163 at 2013-04-22 11:34:01 +0530
Processing by PostsController#display as HTML
Completed 200 OK in 2ms (Views: 0.2ms | ActiveRecord: 0.3ms)
Started GET "/favicon.ico" for 10.3.0.163 at 2013-04-22 11:34:01 +0530

ActionController::RoutingError (No route matches [GET] "/favicon.ico"):
  actionpack (3.2.12) lib/action_dispatch/middleware/debug_exceptions.rb:21:in `call'
  actionpack (3.2.12) lib/action_dispatch/middleware/show_exceptions.rb:56:in `call'
  railties (3.2.12) lib/rails/rack/logger.rb:32:in `call_app'
  railties (3.2.12) lib/rails/rack/logger.rb:16:in `block in call'
  activesupport (3.2.12) lib/active_support/tagged_logging.rb:22:in `tagged'
  railties (3.2.12) lib/rails/rack/logger.rb:16:in `call'
  actionpack (3.2.12) lib/action_dispatch/middleware/request_id.rb:22:in `call'
  rack (1.4.5) lib/rack/methodoverride.rb:21:in `call'
  rack (1.4.5) lib/rack/runtime.rb:17:in `call'
  activesupport (3.2.12) lib/active_support/cache/strategy/local_cache.rb:72:in `call'
  rack (1.4.5) lib/rack/lock.rb:15:in `call'
  rack-cache (1.2) lib/rack/cache/context.rb:136:in `forward'
  rack-cache (1.2) lib/rack/cache/context.rb:245:in `fetch'
  rack-cache (1.2) lib/rack/cache/context.rb:185:in `lookup'
  rack-cache (1.2) lib/rack/cache/context.rb:66:in `call!'
  rack-cache (1.2) lib/rack/cache/context.rb:51:in `call'
  railties (3.2.12) lib/rails/engine.rb:479:in `call'
  railties (3.2.12) lib/rails/application.rb:223:in `call'
  rack (1.4.5) lib/rack/content_length.rb:14:in `call'
  railties (3.2.12) lib/rails/rack/log_tailer.rb:17:in `call'
  thin (1.5.1) lib/thin/connection.rb:81:in `block in pre_process'
  thin (1.5.1) lib/thin/connection.rb:79:in `catch'
  thin (1.5.1) lib/thin/connection.rb:79:in `pre_process'
  thin (1.5.1) lib/thin/connection.rb:54:in `process'
  thin (1.5.1) lib/thin/connection.rb:39:in `receive_data'
  eventmachine (1.0.3) lib/eventmachine.rb:187:in `run_machine'
  eventmachine (1.0.3) lib/eventmachine.rb:187:in `run'
  thin (1.5.1) lib/thin/backends/base.rb:63:in `start'
  thin (1.5.1) lib/thin/server.rb:159:in `start'
  rack (1.4.5) lib/rack/handler/thin.rb:13:in `run'
  rack (1.4.5) lib/rack/server.rb:268:in `start'
  railties (3.2.12) lib/rails/commands/server.rb:70:in `start'
  railties (3.2.12) lib/rails/commands.rb:55:in `block in <top (required)>'
  railties (3.2.12) lib/rails/commands.rb:50:in `tap'
  railties (3.2.12) lib/rails/commands.rb:50:in `<top (required)>'
  script/rails:6:in `require'
  script/rails:6:in `<main>'


Started POST "/qlock/qburst/api/v1/sign_in" for 127.0.0.1 at 2013-04-22 11:34:35 +0530
Processing by SessionsController#create as HTML
  Parameters: {"email"=>"tania@qburst.com", "password"=>"[FILTERED]", "session"=>{"email"=>"tania@qburst.com", "password"=>"[FILTERED]"}}
WARNING: Can't verify CSRF token authenticity
Completed 200 OK in 34ms (Views: 0.3ms | ActiveRecord: 28.1ms)
Started POST "/qlock/qburst/api/v1/sign_in" for 127.0.0.1 at 2013-04-22 11:35:31 +0530
Processing by SessionsController#create as HTML
  Parameters: {"authentication_token"=>"AAmPDUCn5xKc7BzXUnA7", "search"=>"hospital", "session"=>{"authentication_token"=>"AAmPDUCn5xKc7BzXUnA7", "search"=>"hospital"}}
WARNING: Can't verify CSRF token authenticity
Completed 200 OK in 1ms (Views: 0.1ms | ActiveRecord: 0.0ms)
Started GET "/qlock/qburst/api/v1/sign_in" for 127.0.0.1 at 2013-04-22 11:35:35 +0530
Processing by SessionsController#create as HTML
Completed 200 OK in 1ms (Views: 0.1ms | ActiveRecord: 0.0ms)
Started POST "/qlock/qburst/api/v1/sign_in" for 127.0.0.1 at 2013-04-22 11:35:39 +0530
Processing by SessionsController#create as HTML
  Parameters: {"authentication_token"=>"AAmPDUCn5xKc7BzXUnA7", "search"=>"hospital", "session"=>{"authentication_token"=>"AAmPDUCn5xKc7BzXUnA7", "search"=>"hospital"}}
WARNING: Can't verify CSRF token authenticity
Completed 200 OK in 1ms (Views: 0.1ms | ActiveRecord: 0.0ms)
Started POST "/qlock/qburst/api/v1/get_places" for 127.0.0.1 at 2013-04-22 11:37:44 +0530
Processing by StreetsController#index as HTML
  Parameters: {"authentication_token"=>"AAmPDUCn5xKc7BzXUnA7", "search"=>"hospital", "street"=>{}}
WARNING: Can't verify CSRF token authenticity
Completed 200 OK in 2097ms (Views: 0.7ms | ActiveRecord: 537.3ms)
Started GET "/qlock/qburst/api/v1/get_places" for 127.0.0.1 at 2013-04-22 11:37:51 +0530
Processing by StreetsController#index as HTML
Completed 200 OK in 0ms (Views: 0.1ms | ActiveRecord: 0.0ms)
Started POST "/qlock/qburst/api/v1/get_places" for 127.0.0.1 at 2013-04-22 12:00:08 +0530
Processing by StreetsController#index as HTML
  Parameters: {"authentication_token"=>"AAmPDUCn5xKc7BzXUnA7", "search"=>"hospital", "street"=>{}}
WARNING: Can't verify CSRF token authenticity
Completed 200 OK in 7588ms (Views: 0.6ms | ActiveRecord: 510.4ms)
Started GET "/qlock/qburst/api/v1/get_places" for 127.0.0.1 at 2013-04-22 12:00:24 +0530
Processing by StreetsController#index as HTML
Completed 200 OK in 0ms (Views: 0.2ms | ActiveRecord: 0.0ms)
Started POST "/qlock/qburst/api/v1/get_places" for 127.0.0.1 at 2013-04-22 12:43:38 +0530
Processing by StreetsController#index as HTML
  Parameters: {"authentication_token"=>"AAmPDUCn5xKc7BzXUnA7", "search"=>"hospital", "street"=>{}}
WARNING: Can't verify CSRF token authenticity
Completed 200 OK in 2051ms (Views: 0.5ms | ActiveRecord: 490.3ms)
Started POST "/qlock/qburst/api/v1/get_places?authentication_token=AAmPDUCn5xKc7BzXUnA7&search=hospital" for 127.0.0.1 at 2013-04-22 12:44:42 +0530
Processing by StreetsController#index as HTML
  Parameters: {"authentication_token"=>"AAmPDUCn5xKc7BzXUnA7", "search"=>"hospital"}
WARNING: Can't verify CSRF token authenticity
Completed 200 OK in 2043ms (Views: 0.8ms | ActiveRecord: 489.8ms)
Started GET "/qlock/qburst/api/v1/get_places?authentication_token=AAmPDUCn5xKc7BzXUnA7&search=hospital" for 127.0.0.1 at 2013-04-22 12:44:55 +0530
Processing by StreetsController#index as HTML
  Parameters: {"authentication_token"=>"AAmPDUCn5xKc7BzXUnA7", "search"=>"hospital"}
Completed 200 OK in 0ms (Views: 0.1ms | ActiveRecord: 0.0ms)
Started GET "/qlock/qburst/api/v1/get_places?authentication_token=AAmPDUCn5xKc7BzXUnA7&search=hospital" for 127.0.0.1 at 2013-04-22 12:45:10 +0530
Processing by StreetsController#index as HTML
  Parameters: {"authentication_token"=>"AAmPDUCn5xKc7BzXUnA7", "search"=>"hospital"}
Completed 200 OK in 0ms (Views: 0.1ms | ActiveRecord: 0.0ms)
Started POST "/qlock/qburst/api/v1/get_places?authentication_token=AAmPDUCn5xKc7BzXUnA7&search=hospital" for 127.0.0.1 at 2013-04-22 12:45:18 +0530
Processing by StreetsController#index as HTML
  Parameters: {"authentication_token"=>"AAmPDUCn5xKc7BzXUnA7", "search"=>"hospital"}
WARNING: Can't verify CSRF token authenticity
Completed 200 OK in 1891ms (Views: 0.6ms | ActiveRecord: 488.4ms)
Started GET "/qlock/qburst/api/v1/get_places?authentication_token=AAmPDUCn5xKc7BzXUnA7&search=hospital" for 127.0.0.1 at 2013-04-22 12:45:33 +0530
Processing by StreetsController#index as HTML
  Parameters: {"authentication_token"=>"AAmPDUCn5xKc7BzXUnA7", "search"=>"hospital"}
Completed 200 OK in 0ms (Views: 0.1ms | ActiveRecord: 0.0ms)
Started GET "/favicon.ico" for 127.0.0.1 at 2013-04-22 12:45:33 +0530

ActionController::RoutingError (No route matches [GET] "/favicon.ico"):
  actionpack (3.2.12) lib/action_dispatch/middleware/debug_exceptions.rb:21:in `call'
  actionpack (3.2.12) lib/action_dispatch/middleware/show_exceptions.rb:56:in `call'
  railties (3.2.12) lib/rails/rack/logger.rb:32:in `call_app'
  railties (3.2.12) lib/rails/rack/logger.rb:16:in `block in call'
  activesupport (3.2.12) lib/active_support/tagged_logging.rb:22:in `tagged'
  railties (3.2.12) lib/rails/rack/logger.rb:16:in `call'
  actionpack (3.2.12) lib/action_dispatch/middleware/request_id.rb:22:in `call'
  rack (1.4.5) lib/rack/methodoverride.rb:21:in `call'
  rack (1.4.5) lib/rack/runtime.rb:17:in `call'
  activesupport (3.2.12) lib/active_support/cache/strategy/local_cache.rb:72:in `call'
  rack (1.4.5) lib/rack/lock.rb:15:in `call'
  rack-cache (1.2) lib/rack/cache/context.rb:136:in `forward'
  rack-cache (1.2) lib/rack/cache/context.rb:245:in `fetch'
  rack-cache (1.2) lib/rack/cache/context.rb:185:in `lookup'
  rack-cache (1.2) lib/rack/cache/context.rb:66:in `call!'
  rack-cache (1.2) lib/rack/cache/context.rb:51:in `call'
  railties (3.2.12) lib/rails/engine.rb:479:in `call'
  railties (3.2.12) lib/rails/application.rb:223:in `call'
  rack (1.4.5) lib/rack/content_length.rb:14:in `call'
  railties (3.2.12) lib/rails/rack/log_tailer.rb:17:in `call'
  thin (1.5.1) lib/thin/connection.rb:81:in `block in pre_process'
  thin (1.5.1) lib/thin/connection.rb:79:in `catch'
  thin (1.5.1) lib/thin/connection.rb:79:in `pre_process'
  thin (1.5.1) lib/thin/connection.rb:54:in `process'
  thin (1.5.1) lib/thin/connection.rb:39:in `receive_data'
  eventmachine (1.0.3) lib/eventmachine.rb:187:in `run_machine'
  eventmachine (1.0.3) lib/eventmachine.rb:187:in `run'
  thin (1.5.1) lib/thin/backends/base.rb:63:in `start'
  thin (1.5.1) lib/thin/server.rb:159:in `start'
  rack (1.4.5) lib/rack/handler/thin.rb:13:in `run'
  rack (1.4.5) lib/rack/server.rb:268:in `start'
  railties (3.2.12) lib/rails/commands/server.rb:70:in `start'
  railties (3.2.12) lib/rails/commands.rb:55:in `block in <top (required)>'
  railties (3.2.12) lib/rails/commands.rb:50:in `tap'
  railties (3.2.12) lib/rails/commands.rb:50:in `<top (required)>'
  script/rails:6:in `require'
  script/rails:6:in `<main>'


Started POST "/qlock/qburst/api/v1/get_places?authentication_token=AAmPDUCn5xKc7BzXUnA7&search=hospital" for 127.0.0.1 at 2013-04-22 13:03:15 +0530
Processing by StreetsController#index as HTML
  Parameters: {"authentication_token"=>"AAmPDUCn5xKc7BzXUnA7", "search"=>"hospital"}
WARNING: Can't verify CSRF token authenticity
Completed 200 OK in 2818ms (Views: 0.6ms | ActiveRecord: 494.9ms)
Connecting to database specified by database.yml
Connecting to database specified by database.yml
Started POST "/qlock/qburst/api/v1/get_places?authentication_token=AAmPDUCn5xKc7BzXUnA7&search=hospital" for 127.0.0.1 at 2013-04-22 13:04:48 +0530
Processing by StreetsController#index as HTML
  Parameters: {"authentication_token"=>"AAmPDUCn5xKc7BzXUnA7", "search"=>"hospital"}
WARNING: Can't verify CSRF token authenticity
  Rendered streets/index.html.erb within layouts/application (22.8ms)
Completed 500 Internal Server Error in 2317ms

ActionView::Template::Error (application.css isn't precompiled):
    2: <html>
    3: <head>
    4:   <title>Demo</title>
    5:   <%= stylesheet_link_tag    "application", :media => "all" %>
    6:   <%= javascript_include_tag "application" %>
    7:   <%= csrf_meta_tags %>
    8: </head>
  app/views/layouts/application.html.erb:5:in `_app_views_layouts_application_html_erb___2330111398071699020_26665340'
  app/controllers/streets_controller.rb:41:in `rescue in index'
  app/controllers/streets_controller.rb:9:in `index'


Connecting to database specified by database.yml
Started POST "/qlock/qburst/api/v1/get_places?authentication_token=AAmPDUCn5xKc7BzXUnA7&search=hospital" for 127.0.0.1 at 2013-04-22 13:05:40 +0530
Processing by StreetsController#index as HTML
  Parameters: {"authentication_token"=>"AAmPDUCn5xKc7BzXUnA7", "search"=>"hospital"}
WARNING: Can't verify CSRF token authenticity
  Rendered streets/index.html.erb within layouts/application (23.0ms)
Completed 200 OK in 2327ms (Views: 274.2ms | ActiveRecord: 493.8ms)
Started GET "/qlock/qburst/api/v1/get_places?authentication_token=AAmPDUCn5xKc7BzXUnA7&search=hospital" for 127.0.0.1 at 2013-04-22 13:05:48 +0530
Processing by StreetsController#index as HTML
  Parameters: {"authentication_token"=>"AAmPDUCn5xKc7BzXUnA7", "search"=>"hospital"}
  Rendered streets/index.html.erb within layouts/application (0.2ms)
Completed 200 OK in 1895ms (Views: 2.3ms | ActiveRecord: 472.8ms)
Started POST "/qlock/qburst/api/v1/get_places.json" for 127.0.0.1 at 2013-04-22 13:06:15 +0530
Processing by StreetsController#index as JSON
  Parameters: {"authentication_token"=>"AAmPDUCn5xKc7BzXUnA7", "search"=>"hospital", "street"=>{}}
WARNING: Can't verify CSRF token authenticity
Completed 200 OK in 2014ms (Views: 0.2ms | ActiveRecord: 553.4ms)
Started GET "/qlock/qburst/api/v1/get_places.json" for 127.0.0.1 at 2013-04-22 13:06:30 +0530
Processing by StreetsController#index as JSON
Completed 500 Internal Server Error in 0ms

ArgumentError (too few arguments):
  app/controllers/streets_controller.rb:48:in `format'
  app/controllers/streets_controller.rb:48:in `index'


Started POST "/qlock/qburst/api/v1/get_places.json" for 127.0.0.1 at 2013-04-22 13:07:35 +0530
Processing by StreetsController#index as JSON
  Parameters: {"authentication_token"=>"AAmPDUCn5xKc7BzXUnA7", "search"=>"hospital", "street"=>{}}
WARNING: Can't verify CSRF token authenticity
Completed 200 OK in 1853ms (Views: 0.1ms | ActiveRecord: 495.1ms)
Started POST "/qlock/qburst/api/v1/get_places.json" for 127.0.0.1 at 2013-04-22 13:08:42 +0530
Processing by StreetsController#index as JSON
  Parameters: {"authentication_token"=>"AAmPDUCn5xKc7BzXUnA7", "search"=>"hospital", "street"=>{}}
WARNING: Can't verify CSRF token authenticity
Completed 200 OK in 2013ms (Views: 0.2ms | ActiveRecord: 487.3ms)
Connecting to database specified by database.yml
Started POST "/qlock/qburst/api/v1/get_places.json" for 127.0.0.1 at 2013-04-22 13:11:11 +0530
Processing by StreetsController#index as JSON
  Parameters: {"authentication_token"=>"AAmPDUCn5xKc7BzXUnA7", "search"=>"hospital", "street"=>{}}
WARNING: Can't verify CSRF token authenticity
Completed 200 OK in 2590ms (Views: 0.6ms | ActiveRecord: 502.1ms)
Started GET "/qlock/qburst/api/v1/get_places.json" for 127.0.0.1 at 2013-04-22 13:11:19 +0530
Processing by StreetsController#index as JSON
Completed 200 OK in 0ms (Views: 0.1ms | ActiveRecord: 0.0ms)
Started POST "/qlock/qburst/api/v1/get_places.json" for 127.0.0.1 at 2013-04-22 13:11:28 +0530
Processing by StreetsController#index as JSON
  Parameters: {"authentication_token"=>"AAmPDUCn5xKc7BzXUnA7", "search"=>"hospital", "street"=>{}}
WARNING: Can't verify CSRF token authenticity
Completed 200 OK in 1931ms (Views: 0.6ms | ActiveRecord: 480.8ms)
Started POST "/qlock/qburst/api/v1/get_places?authentication_token=AAmPDUCn5xKc7BzXUnA7&search=hospital" for 127.0.0.1 at 2013-04-22 13:11:40 +0530
Processing by StreetsController#index as HTML
  Parameters: {"authentication_token"=>"AAmPDUCn5xKc7BzXUnA7", "search"=>"hospital"}
WARNING: Can't verify CSRF token authenticity
  Rendered streets/index.html.erb within layouts/application (25.0ms)
Completed 200 OK in 1980ms (Views: 79.2ms | ActiveRecord: 488.8ms)
Started GET "/qlock/qburst/api/v1/get_places?authentication_token=AAmPDUCn5xKc7BzXUnA7&search=hospital" for 127.0.0.1 at 2013-04-22 13:11:50 +0530
Processing by StreetsController#index as HTML
  Parameters: {"authentication_token"=>"AAmPDUCn5xKc7BzXUnA7", "search"=>"hospital"}
  Rendered streets/index.html.erb within layouts/application (0.2ms)
Completed 200 OK in 1961ms (Views: 2.0ms | ActiveRecord: 486.2ms)
